2025-04-30 00:02:39 WARNING [dependencies] Ano 2: erro de conexão, pulando (('Connection aborted.', RemoteDisconnected('Remote end closed connection without response')))
2025-04-30 00:02:39 WARNING [dependencies] Ano 0: erro de conexão, pulando (('Connection aborted.', RemoteDisconnected('Remote end closed connection without response')))
2025-04-30 00:02:39 WARNING [dependencies] Ano 2: erro de conexão, pulando (('Connection aborted.', RemoteDisconnected('Remote end closed connection without response')))
2025-04-30 00:02:39 WARNING [dependencies] Ano 0: erro de conexão, pulando (('Connection aborted.', RemoteDisconnected('Remote end closed connection without response')))
2025-04-30 00:13:43 INFO [dependencies] Total de anos processados: 2
2025-04-30 00:14:22 WARNING [dependencies] Ano 2: erro de conexão, pulando (('Connection aborted.', RemoteDisconnected('Remote end closed connection without response')))
2025-04-30 00:14:22 WARNING [dependencies] Ano 0: erro de conexão, pulando (('Connection aborted.', RemoteDisconnected('Remote end closed connection without response')))
2025-04-30 00:14:23 WARNING [dependencies] Ano 2: erro de conexão, pulando (('Connection aborted.', RemoteDisconnected('Remote end closed connection without response')))
2025-04-30 00:14:23 WARNING [dependencies] Ano 0: erro de conexão, pulando (('Connection aborted.', RemoteDisconnected('Remote end closed connection without response')))
2025-04-30 00:14:23 INFO [dependencies] Total de anos processados: 0
2025-04-30 00:16:14 WARNING [dependencies] Ano 2020: erro de conexão, pulando (('Connection aborted.', RemoteDisconnected('Remote end closed connection without response')))
2025-04-30 00:16:14 INFO [dependencies] Total de anos processados: 0
2025-04-30 00:16:43 INFO [dependencies] Total de anos processados: 1
2025-04-30 00:17:48 INFO [dependencies] Total de anos processados: 0
2025-04-30 00:18:38 WARNING [dependencies] Ano 2024: erro de conexão, pulando (('Connection aborted.', RemoteDisconnected('Remote end closed connection without response')))
2025-04-30 00:18:38 WARNING [dependencies] Ano 2003: erro de conexão, pulando (('Connection aborted.', RemoteDisconnected('Remote end closed connection without response')))
2025-04-30 00:18:38 INFO [dependencies] Total de anos processados: 0
2025-04-30 00:20:15 WARNING [dependencies] Ano 2027: erro de conexão, pulando (('Connection aborted.', RemoteDisconnected('Remote end closed connection without response')))
2025-04-30 00:20:15 WARNING [dependencies] Ano 2024: erro de conexão, pulando (('Connection aborted.', RemoteDisconnected('Remote end closed connection without response')))
2025-04-30 00:20:15 WARNING [dependencies] Ano 2003: erro de conexão, pulando (('Connection aborted.', RemoteDisconnected('Remote end closed connection without response')))
2025-04-30 00:20:15 INFO [dependencies] Total de anos processados: 0
2025-04-30 00:20:26 WARNING [dependencies] Ano 2027: erro de conexão, pulando (('Connection aborted.', RemoteDisconnected('Remote end closed connection without response')))
2025-04-30 00:20:26 WARNING [dependencies] Ano 2024: erro de conexão, pulando (('Connection aborted.', RemoteDisconnected('Remote end closed connection without response')))
2025-04-30 00:20:26 WARNING [dependencies] Ano 2003: erro de conexão, pulando (('Connection aborted.', RemoteDisconnected('Remote end closed connection without response')))
2025-04-30 00:20:26 INFO [dependencies] Total de anos processados: 0
2025-04-30 00:20:57 WARNING [dependencies] Ano 2027: erro de conexão, pulando (('Connection aborted.', RemoteDisconnected('Remote end closed connection without response')))
2025-04-30 00:20:57 WARNING [dependencies] Ano 2024: erro de conexão, pulando (('Connection aborted.', RemoteDisconnected('Remote end closed connection without response')))
2025-04-30 00:20:57 WARNING [dependencies] Ano 2003: erro de conexão, pulando (('Connection aborted.', RemoteDisconnected('Remote end closed connection without response')))
2025-04-30 00:20:57 INFO [dependencies] Total de anos processados: 0
2025-04-30 00:21:46 WARNING [dependencies] Ano 2020: erro de conexão, pulando (('Connection aborted.', RemoteDisconnected('Remote end closed connection without response')))
2025-04-30 00:21:46 INFO [dependencies] Total de anos processados: 0
2025-04-30 00:22:19 INFO [dependencies] Total de anos processados: 0
2025-04-30 00:32:48 WARNING [dependencies] Ano 2027: erro de conexão, pulando (('Connection aborted.', RemoteDisconnected('Remote end closed connection without response')))
2025-04-30 00:32:48 WARNING [dependencies] Ano 2024: erro de conexão, pulando (('Connection aborted.', RemoteDisconnected('Remote end closed connection without response')))
2025-04-30 00:32:48 WARNING [dependencies] Ano 2003: erro de conexão, pulando (('Connection aborted.', RemoteDisconnected('Remote end closed connection without response')))
2025-04-30 00:32:48 INFO [dependencies] Total de anos processados: 0
2025-04-30 00:32:57 WARNING [dependencies] Ano 2027: erro de conexão, pulando (('Connection aborted.', RemoteDisconnected('Remote end closed connection without response')))
2025-04-30 00:32:57 WARNING [dependencies] Ano 2024: erro de conexão, pulando (('Connection aborted.', RemoteDisconnected('Remote end closed connection without response')))
2025-04-30 00:32:57 WARNING [dependencies] Ano 2003: erro de conexão, pulando (('Connection aborted.', RemoteDisconnected('Remote end closed connection without response')))
2025-04-30 00:32:57 INFO [dependencies] Total de anos processados: 0
2025-04-30 00:33:36 WARNING [dependencies] Ano 2024: erro de conexão, pulando (('Connection aborted.', RemoteDisconnected('Remote end closed connection without response')))
2025-04-30 00:33:36 WARNING [dependencies] Ano 2003: erro de conexão, pulando (('Connection aborted.', RemoteDisconnected('Remote end closed connection without response')))
2025-04-30 00:33:37 INFO [dependencies] Total de anos processados: 2
2025-04-30 00:33:54 WARNING [dependencies] Ano 2020: erro de conexão, pulando (('Connection aborted.', RemoteDisconnected('Remote end closed connection without response')))
2025-04-30 00:35:15 INFO [dependencies] Total de anos processados: 1
2025-04-30 00:35:29 WARNING [dependencies] Ano 2027: erro de conexão, pulando (('Connection aborted.', RemoteDisconnected('Remote end closed connection without response')))
2025-04-30 00:35:29 WARNING [dependencies] Ano 2003: erro de conexão, pulando (('Connection aborted.', RemoteDisconnected('Remote end closed connection without response')))
2025-04-30 00:35:29 INFO [dependencies] Total de anos processados: 1
2025-04-30 00:39:06 WARNING [dependencies] Ano 2020: erro de conexão, pulando (('Connection aborted.', RemoteDisconnected('Remote end closed connection without response')))
2025-04-30 00:39:06 INFO [dependencies] Total de anos processados: 0
2025-04-30 00:39:34 WARNING [dependencies] Ano 2020: erro de conexão (('Connection aborted.', RemoteDisconnected('Remote end closed connection without response')))
2025-04-30 00:39:34 INFO [dependencies] Total de anos processados: 0
2025-04-30 00:49:36 ERROR [dependencies] Ano 2020: erro de conexão (('Connection aborted.', RemoteDisconnected('Remote end closed connection without response')))
2025-04-30 00:55:56 ERROR [dependencies] Ano 2020: erro de conexão (('Connection aborted.', RemoteDisconnected('Remote end closed connection without response')))
2025-04-30 00:56:07 ERROR [dependencies] Ano 1807: erro de conexão (('Connection aborted.', RemoteDisconnected('Remote end closed connection without response')))
2025-04-30 00:56:18 ERROR [dependencies] Ano 2027: erro de conexão (('Connection aborted.', RemoteDisconnected('Remote end closed connection without response')))
2025-04-30 01:05:25 ERROR [dependencies] Ano None: erro de conexão (('Connection aborted.', RemoteDisconnected('Remote end closed connection without response')))
2025-04-30 01:07:55 ERROR [dependencies] Ano None: erro de conexão (('Connection aborted.', RemoteDisconnected('Remote end closed connection without response')))
2025-04-30 01:08:01 ERROR [dependencies] Ano 1807: erro de conexão (('Connection aborted.', RemoteDisconnected('Remote end closed connection without response')))
2025-04-30 01:08:11 ERROR [dependencies] Ano 2000: erro de conexão (('Connection aborted.', RemoteDisconnected('Remote end closed connection without response')))
2025-04-30 01:09:48 ERROR [dependencies] Ano 2000: erro de conexão (('Connection aborted.', RemoteDisconnected('Remote end closed connection without response')))
2025-04-30 18:25:00 INFO [dependencies] Total de anos processados: 2
